Flow report for 6y7
Mon Nov 06 23:18:32 2023
Quartus II 64-Bit Version 13.0.1 Build 232 06/12/2013 Service Pack 1 SJ Web Edition


---------------------
; Table of Contents ;
---------------------
  1. Legal Notice
  2. Flow Summary
  3. Flow Settings
  4. Flow Non-Default Global Settings
  5. Flow Elapsed Time
  6. Flow OS Summary
  7. Flow Log
  8. Flow Messages
  9. Flow Suppressed Messages



----------------
; Legal Notice ;
----------------
Copyright (C) 1991-2013 Altera Corporation
Your use of Altera Corporation's design tools, logic functions 
and other software and tools, and its AMPP partner logic 
functions, and any output files from any of the foregoing 
(including device programming or simulation files), and any 
associated documentation or information are expressly subject 
to the terms and conditions of the Altera Program License 
Subscription Agreement, Altera MegaCore Function License 
Agreement, or other applicable license agreement, including, 
without limitation, that your use is for the sole purpose of 
programming logic devices manufactured by Altera and sold by 
Altera or its authorized distributors.  Please refer to the 
applicable agreement for further details.



+--------------------------------------------------------------------------------------+
; Flow Summary                                                                         ;
+------------------------------------+-------------------------------------------------+
; Flow Status                        ; Successful - Mon Nov 06 23:18:32 2023           ;
; Quartus II 64-Bit Version          ; 13.0.1 Build 232 06/12/2013 SP 1 SJ Web Edition ;
; Revision Name                      ; 6y7                                             ;
; Top-level Entity Name              ; restador                                        ;
; Family                             ; Cyclone IV GX                                   ;
; Device                             ; EP4CGX150DF31C8                                 ;
; Timing Models                      ; Final                                           ;
; Total logic elements               ; 2 / 149,760 ( < 1 % )                           ;
;     Total combinational functions  ; 2 / 149,760 ( < 1 % )                           ;
;     Dedicated logic registers      ; 0 / 149,760 ( 0 % )                             ;
; Total registers                    ; 0                                               ;
; Total pins                         ; 4 / 508 ( < 1 % )                               ;
; Total virtual pins                 ; 0                                               ;
; Total memory bits                  ; 0 / 6,635,520 ( 0 % )                           ;
; Embedded Multiplier 9-bit elements ; 0 / 720 ( 0 % )                                 ;
; Total GXB Receiver Channel PCS     ; 0 / 8 ( 0 % )                                   ;
; Total GXB Receiver Channel PMA     ; 0 / 8 ( 0 % )                                   ;
; Total GXB Transmitter Channel PCS  ; 0 / 8 ( 0 % )                                   ;
; Total GXB Transmitter Channel PMA  ; 0 / 8 ( 0 % )                                   ;
; Total PLLs                         ; 0 / 8 ( 0 % )                                   ;
+------------------------------------+-------------------------------------------------+


+-----------------------------------------+
; Flow Settings                           ;
+-------------------+---------------------+
; Option            ; Setting             ;
+-------------------+---------------------+
; Start date & time ; 11/06/2023 22:37:26 ;
; Main task         ; Compilation         ;
; Revision Name     ; 6y7                 ;
+-------------------+---------------------+


+-----------------------------------------------------------------------------------------------------------------+
; Flow Non-Default Global Settings                                                                                ;
+-------------------------------------+--------------------------------+---------------+-------------+------------+
; Assignment Name                     ; Value                          ; Default Value ; Entity Name ; Section Id ;
+-------------------------------------+--------------------------------+---------------+-------------+------------+
; COMPILER_SIGNATURE_ID               ; 88491856827370.169932104611192 ; --            ; --          ; --         ;
; MAX_CORE_JUNCTION_TEMP              ; 85                             ; --            ; --          ; --         ;
; MIN_CORE_JUNCTION_TEMP              ; 0                              ; --            ; --          ; --         ;
; NOMINAL_CORE_SUPPLY_VOLTAGE         ; 1.2V                           ; --            ; --          ; --         ;
; PARTITION_COLOR                     ; 16764057                       ; --            ; restador    ; Top        ;
; PARTITION_FITTER_PRESERVATION_LEVEL ; PLACEMENT_AND_ROUTING          ; --            ; restador    ; Top        ;
; PARTITION_NETLIST_TYPE              ; SOURCE                         ; --            ; restador    ; Top        ;
; PROJECT_OUTPUT_DIRECTORY            ; output_files                   ; --            ; --          ; --         ;
; TOP_LEVEL_ENTITY                    ; restador                       ; 6y7           ; --          ; --         ;
+-------------------------------------+--------------------------------+---------------+-------------+------------+


+-------------------------------------------------------------------------------------------------------------------------------+
; Flow Elapsed Time                                                                                                             ;
+---------------------------+--------------+-------------------------+---------------------+------------------------------------+
; Module Name               ; Elapsed Time ; Average Processors Used ; Peak Virtual Memory ; Total CPU Time (on all processors) ;
+---------------------------+--------------+-------------------------+---------------------+------------------------------------+
; Analysis & Synthesis      ; 00:00:03     ; 1.0                     ; 4684 MB             ; 00:00:03                           ;
; Fitter                    ; 00:00:36     ; 1.0                     ; 5175 MB             ; 00:00:32                           ;
; Assembler                 ; 00:00:13     ; 1.0                     ; 4627 MB             ; 00:00:12                           ;
; TimeQuest Timing Analyzer ; 00:00:06     ; 1.0                     ; 4678 MB             ; 00:00:05                           ;
; EDA Netlist Writer        ; 00:00:01     ; 1.0                     ; 4575 MB             ; 00:00:01                           ;
; EDA Netlist Writer        ; 00:00:01     ; 1.0                     ; 4575 MB             ; 00:00:01                           ;
; EDA Netlist Writer        ; 00:00:01     ; 1.0                     ; 4575 MB             ; 00:00:01                           ;
; EDA Netlist Writer        ; 00:00:01     ; 1.0                     ; 4575 MB             ; 00:00:01                           ;
; Total                     ; 00:01:02     ; --                      ; --                  ; 00:00:56                           ;
+---------------------------+--------------+-------------------------+---------------------+------------------------------------+


+----------------------------------------------------------------------------------------+
; Flow OS Summary                                                                        ;
+---------------------------+------------------+-----------+------------+----------------+
; Module Name               ; Machine Hostname ; OS Name   ; OS Version ; Processor type ;
+---------------------------+------------------+-----------+------------+----------------+
; Analysis & Synthesis      ; LAPTOP-OGEIE0GH  ; Windows 7 ; 6.2        ; x86_64         ;
; Fitter                    ; LAPTOP-OGEIE0GH  ; Windows 7 ; 6.2        ; x86_64         ;
; Assembler                 ; LAPTOP-OGEIE0GH  ; Windows 7 ; 6.2        ; x86_64         ;
; TimeQuest Timing Analyzer ; LAPTOP-OGEIE0GH  ; Windows 7 ; 6.2        ; x86_64         ;
; EDA Netlist Writer        ; LAPTOP-OGEIE0GH  ; Windows 7 ; 6.2        ; x86_64         ;
; EDA Netlist Writer        ; LAPTOP-OGEIE0GH  ; Windows 7 ; 6.2        ; x86_64         ;
; EDA Netlist Writer        ; LAPTOP-OGEIE0GH  ; Windows 7 ; 6.2        ; x86_64         ;
; EDA Netlist Writer        ; LAPTOP-OGEIE0GH  ; Windows 7 ; 6.2        ; x86_64         ;
+---------------------------+------------------+-----------+------------+----------------+


------------
; Flow Log ;
------------
quartus_map --read_settings_files=on --write_settings_files=off 6y7 -c 6y7
quartus_fit --read_settings_files=off --write_settings_files=off 6y7 -c 6y7
quartus_asm --read_settings_files=off --write_settings_files=off 6y7 -c 6y7
quartus_sta 6y7 -c 6y7
quartus_eda --gen_testbench --check_outputs=on --tool=modelsim_oem --format=verilog 6y7 -c 6y7 --vector_source="C:/Users/Tamara/Desktop/Tami/facultad/TyDD2/FPGA/ej 3 y 4/Waveform.vwf" --testbench_file=./simulation/qsim/6y7.vt
quartus_eda --functional=on --simulation=on --tool=modelsim_oem --format=verilog 6y7 -c 6y7
quartus_eda --gen_testbench --check_outputs=on --tool=modelsim_oem --format=verilog 6y7 -c 6y7 --vector_source="C:/Users/Tamara/Desktop/Tami/facultad/TyDD2/FPGA/ej 3 y 4/Waveform.vwf" --testbench_file=./simulation/qsim/6y7.vt
quartus_eda --functional=on --simulation=on --tool=modelsim_oem --format=verilog 6y7 -c 6y7



