EDA Netlist Writer report for parte_C
Mon Nov 13 21:24:06 2023
Quartus II 64-Bit Version 13.0.1 Build 232 06/12/2013 Service Pack 1 SJ Web Edition


---------------------
; Table of Contents ;
---------------------
  1. Legal Notice
  2. EDA Netlist Writer Summary
  3. EDA Netlist Writer Messages



----------------
; Legal Notice ;
----------------
Copyright (C) 1991-2013 Altera Corporation
Your use of Altera Corporation's design tools, logic functions 
and other software and tools, and its AMPP partner logic 
functions, and any output files from any of the foregoing 
(including device programming or simulation files), and any 
associated documentation or information are expressly subject 
to the terms and conditions of the Altera Program License 
Subscription Agreement, Altera MegaCore Function License 
Agreement, or other applicable license agreement, including, 
without limitation, that your use is for the sole purpose of 
programming logic devices manufactured by Altera and sold by 
Altera or its authorized distributors.  Please refer to the 
applicable agreement for further details.



+-------------------------------------------------------------------+
; EDA Netlist Writer Summary                                        ;
+---------------------------+---------------------------------------+
; EDA Netlist Writer Status ; Successful - Mon Nov 13 21:24:06 2023 ;
; Revision Name             ; parte_C                               ;
; Top-level Entity Name     ; sumador_completo                      ;
; Family                    ; Cyclone III                           ;
+---------------------------+---------------------------------------+


+-----------------------------+
; EDA Netlist Writer Messages ;
+-----------------------------+
Info: *******************************************************************
Info: Running Quartus II 64-Bit EDA Netlist Writer
    Info: Version 13.0.1 Build 232 06/12/2013 Service Pack 1 SJ Web Edition
    Info: Processing started: Mon Nov 13 21:24:05 2023
Info: Command: quartus_eda --gen_testbench --check_outputs=on --tool=modelsim_oem --format=verilog parte_C -c parte_C --vector_source="C:/Users/Tamara/Desktop/Tami/facultad/TyDD2/FPGA/Parte C/Waveform.vwf" --testbench_file="C:/Users/Tamara/Desktop/Tami/facultad/TyDD2/FPGA/Parte C/simulation/modelsim/Waveform.vwf.vt"
Info (201000): Generated Verilog Test Bench File C:/Users/Tamara/Desktop/Tami/facultad/TyDD2/FPGA/Parte C/simulation/modelsim/Waveform.vwf.vt for simulation
Info: Quartus II 64-Bit EDA Netlist Writer was successful. 0 errors, 0 warnings
    Info: Peak virtual memory: 4510 megabytes
    Info: Processing ended: Mon Nov 13 21:24:06 2023
    Info: Elapsed time: 00:00:01
    Info: Total CPU time (on all processors): 00:00:01


